2025-01-26 20:53:20,724 - INFO - Found ChromeDriver at: chromedriver.exe
2025-01-26 20:53:21,521 - ERROR - Attempt 1 failed: [WinError 216] This version of %1 is not compatible with the version of Windows you're running. Check your computer's system information and then contact the software publisher
2025-01-26 20:53:23,522 - INFO - Found ChromeDriver at: chromedriver.exe
2025-01-26 20:53:23,525 - ERROR - Attempt 2 failed: [WinError 216] This version of %1 is not compatible with the version of Windows you're running. Check your computer's system information and then contact the software publisher
2025-01-26 20:53:25,527 - INFO - Found ChromeDriver at: chromedriver.exe
2025-01-26 20:53:25,531 - ERROR - Attempt 3 failed: [WinError 216] This version of %1 is not compatible with the version of Windows you're running. Check your computer's system information and then contact the software publisher
2025-01-26 21:04:36,639 - INFO - Found ChromeDriver at: chromedriver.exe
2025-01-26 21:04:39,785 - INFO - Chrome driver initialized successfully
2025-01-26 21:05:05,363 - ERROR - Failed to find element subscriber-count: Message: 
Stacktrace:
	GetHandleVerifier [0x00007FF6892FCC05+28741]
	(No symbol) [0x00007FF68925FED0]
	(No symbol) [0x00007FF6890F4FBA]
	(No symbol) [0x00007FF689149256]
	(No symbol) [0x00007FF68914948C]
	(No symbol) [0x00007FF689193267]
	(No symbol) [0x00007FF68916FE6F]
	(No symbol) [0x00007FF68918FFE1]
	(No symbol) [0x00007FF68916FBD3]
	(No symbol) [0x00007FF689139F43]
	(No symbol) [0x00007FF68913B2D1]
	GetHandleVerifier [0x00007FF68962DE3D+3375741]
	GetHandleVerifier [0x00007FF68964096A+3452330]
	GetHandleVerifier [0x00007FF68963671D+3410781]
	GetHandleVerifier [0x00007FF6893C653B+854395]
	(No symbol) [0x00007FF68926BE0F]
	(No symbol) [0x00007FF689267714]
	(No symbol) [0x00007FF6892678AD]
	(No symbol) [0x00007FF689256189]
	BaseThreadInitThunk [0x00007FFBF245259D+29]
	RtlUserThreadStart [0x00007FFBF3CAAF38+40]

2025-01-26 21:06:26,167 - INFO - Found ChromeDriver at: chromedriver.exe
2025-01-26 21:06:27,905 - INFO - Chrome driver initialized successfully
2025-01-26 21:06:52,907 - ERROR - Failed to find element subscriber-count: Message: 
Stacktrace:
	GetHandleVerifier [0x00007FF6892FCC05+28741]
	(No symbol) [0x00007FF68925FED0]
	(No symbol) [0x00007FF6890F4FBA]
	(No symbol) [0x00007FF689149256]
	(No symbol) [0x00007FF68914948C]
	(No symbol) [0x00007FF689193267]
	(No symbol) [0x00007FF68916FE6F]
	(No symbol) [0x00007FF68918FFE1]
	(No symbol) [0x00007FF68916FBD3]
	(No symbol) [0x00007FF689139F43]
	(No symbol) [0x00007FF68913B2D1]
	GetHandleVerifier [0x00007FF68962DE3D+3375741]
	GetHandleVerifier [0x00007FF68964096A+3452330]
	GetHandleVerifier [0x00007FF68963671D+3410781]
	GetHandleVerifier [0x00007FF6893C653B+854395]
	(No symbol) [0x00007FF68926BE0F]
	(No symbol) [0x00007FF689267714]
	(No symbol) [0x00007FF6892678AD]
	(No symbol) [0x00007FF689256189]
	BaseThreadInitThunk [0x00007FFBF245259D+29]
	RtlUserThreadStart [0x00007FFBF3CAAF38+40]

2025-01-26 21:07:13,205 - INFO - Found ChromeDriver at: chromedriver.exe
2025-01-26 21:07:14,824 - INFO - Chrome driver initialized successfully
2025-01-26 21:07:41,336 - ERROR - Failed to find element subscriber-count: Message: 
Stacktrace:
	GetHandleVerifier [0x00007FF6892FCC05+28741]
	(No symbol) [0x00007FF68925FED0]
	(No symbol) [0x00007FF6890F4FBA]
	(No symbol) [0x00007FF689149256]
	(No symbol) [0x00007FF68914948C]
	(No symbol) [0x00007FF689193267]
	(No symbol) [0x00007FF68916FE6F]
	(No symbol) [0x00007FF68918FFE1]
	(No symbol) [0x00007FF68916FBD3]
	(No symbol) [0x00007FF689139F43]
	(No symbol) [0x00007FF68913B2D1]
	GetHandleVerifier [0x00007FF68962DE3D+3375741]
	GetHandleVerifier [0x00007FF68964096A+3452330]
	GetHandleVerifier [0x00007FF68963671D+3410781]
	GetHandleVerifier [0x00007FF6893C653B+854395]
	(No symbol) [0x00007FF68926BE0F]
	(No symbol) [0x00007FF689267714]
	(No symbol) [0x00007FF6892678AD]
	(No symbol) [0x00007FF689256189]
	BaseThreadInitThunk [0x00007FFBF245259D+29]
	RtlUserThreadStart [0x00007FFBF3CAAF38+40]

2025-01-26 21:09:53,286 - INFO - Found ChromeDriver at: chromedriver.exe
2025-01-26 21:09:54,517 - INFO - Chrome driver initialized successfully
2025-01-26 21:10:02,952 - INFO - Found ChromeDriver at: chromedriver.exe
2025-01-26 21:10:04,422 - INFO - Chrome driver initialized successfully
2025-01-26 21:20:36,776 - INFO - Found ChromeDriver at: chromedriver.exe
2025-01-26 21:20:38,505 - INFO - Chrome driver initialized successfully
2025-01-26 21:21:06,776 - ERROR - Failed to find element #subscriber-count: Message: 
Stacktrace:
	GetHandleVerifier [0x00007FF79761CC05+28741]
	(No symbol) [0x00007FF79757FED0]
	(No symbol) [0x00007FF797414FBA]
	(No symbol) [0x00007FF797469256]
	(No symbol) [0x00007FF79746948C]
	(No symbol) [0x00007FF7974B3267]
	(No symbol) [0x00007FF79748FE6F]
	(No symbol) [0x00007FF7974AFFE1]
	(No symbol) [0x00007FF79748FBD3]
	(No symbol) [0x00007FF797459F43]
	(No symbol) [0x00007FF79745B2D1]
	GetHandleVerifier [0x00007FF79794DE3D+3375741]
	GetHandleVerifier [0x00007FF79796096A+3452330]
	GetHandleVerifier [0x00007FF79795671D+3410781]
	GetHandleVerifier [0x00007FF7976E653B+854395]
	(No symbol) [0x00007FF79758BE0F]
	(No symbol) [0x00007FF797587714]
	(No symbol) [0x00007FF7975878AD]
	(No symbol) [0x00007FF797576189]
	BaseThreadInitThunk [0x00007FFBF245259D+29]
	RtlUserThreadStart [0x00007FFBF3CAAF38+40]

2025-01-26 21:21:27,017 - ERROR - Failed to find element yt-formatted-string#subscriber-count: Message: 
Stacktrace:
	GetHandleVerifier [0x00007FF79761CC05+28741]
	(No symbol) [0x00007FF79757FED0]
	(No symbol) [0x00007FF797414FBA]
	(No symbol) [0x00007FF797469256]
	(No symbol) [0x00007FF79746948C]
	(No symbol) [0x00007FF7974B3267]
	(No symbol) [0x00007FF79748FE6F]
	(No symbol) [0x00007FF7974AFFE1]
	(No symbol) [0x00007FF79748FBD3]
	(No symbol) [0x00007FF797459F43]
	(No symbol) [0x00007FF79745B2D1]
	GetHandleVerifier [0x00007FF79794DE3D+3375741]
	GetHandleVerifier [0x00007FF79796096A+3452330]
	GetHandleVerifier [0x00007FF79795671D+3410781]
	GetHandleVerifier [0x00007FF7976E653B+854395]
	(No symbol) [0x00007FF79758BE0F]
	(No symbol) [0x00007FF797587714]
	(No symbol) [0x00007FF7975878AD]
	(No symbol) [0x00007FF797576189]
	BaseThreadInitThunk [0x00007FFBF245259D+29]
	RtlUserThreadStart [0x00007FFBF3CAAF38+40]

2025-01-26 21:21:47,261 - ERROR - Failed to find element #subscribers-count: Message: 
Stacktrace:
	GetHandleVerifier [0x00007FF79761CC05+28741]
	(No symbol) [0x00007FF79757FED0]
	(No symbol) [0x00007FF797414FBA]
	(No symbol) [0x00007FF797469256]
	(No symbol) [0x00007FF79746948C]
	(No symbol) [0x00007FF7974B3267]
	(No symbol) [0x00007FF79748FE6F]
	(No symbol) [0x00007FF7974AFFE1]
	(No symbol) [0x00007FF79748FBD3]
	(No symbol) [0x00007FF797459F43]
	(No symbol) [0x00007FF79745B2D1]
	GetHandleVerifier [0x00007FF79794DE3D+3375741]
	GetHandleVerifier [0x00007FF79796096A+3452330]
	GetHandleVerifier [0x00007FF79795671D+3410781]
	GetHandleVerifier [0x00007FF7976E653B+854395]
	(No symbol) [0x00007FF79758BE0F]
	(No symbol) [0x00007FF797587714]
	(No symbol) [0x00007FF7975878AD]
	(No symbol) [0x00007FF797576189]
	BaseThreadInitThunk [0x00007FFBF245259D+29]
	RtlUserThreadStart [0x00007FFBF3CAAF38+40]

2025-01-26 21:25:16,298 - INFO - Found ChromeDriver at: chromedriver.exe
2025-01-26 21:25:17,597 - INFO - Chrome driver initialized successfully
2025-01-26 21:25:46,015 - ERROR - Failed to find element #subscriber-count: Message: 
Stacktrace:
	GetHandleVerifier [0x00007FF79761CC05+28741]
	(No symbol) [0x00007FF79757FED0]
	(No symbol) [0x00007FF797414FBA]
	(No symbol) [0x00007FF797469256]
	(No symbol) [0x00007FF79746948C]
	(No symbol) [0x00007FF7974B3267]
	(No symbol) [0x00007FF79748FE6F]
	(No symbol) [0x00007FF7974AFFE1]
	(No symbol) [0x00007FF79748FBD3]
	(No symbol) [0x00007FF797459F43]
	(No symbol) [0x00007FF79745B2D1]
	GetHandleVerifier [0x00007FF79794DE3D+3375741]
	GetHandleVerifier [0x00007FF79796096A+3452330]
	GetHandleVerifier [0x00007FF79795671D+3410781]
	GetHandleVerifier [0x00007FF7976E653B+854395]
	(No symbol) [0x00007FF79758BE0F]
	(No symbol) [0x00007FF797587714]
	(No symbol) [0x00007FF7975878AD]
	(No symbol) [0x00007FF797576189]
	BaseThreadInitThunk [0x00007FFBF245259D+29]
	RtlUserThreadStart [0x00007FFBF3CAAF38+40]

2025-01-26 21:26:06,382 - ERROR - Failed to find element yt-formatted-string#subscriber-count: Message: 
Stacktrace:
	GetHandleVerifier [0x00007FF79761CC05+28741]
	(No symbol) [0x00007FF79757FED0]
	(No symbol) [0x00007FF797414FBA]
	(No symbol) [0x00007FF797469256]
	(No symbol) [0x00007FF79746948C]
	(No symbol) [0x00007FF7974B3267]
	(No symbol) [0x00007FF79748FE6F]
	(No symbol) [0x00007FF7974AFFE1]
	(No symbol) [0x00007FF79748FBD3]
	(No symbol) [0x00007FF797459F43]
	(No symbol) [0x00007FF79745B2D1]
	GetHandleVerifier [0x00007FF79794DE3D+3375741]
	GetHandleVerifier [0x00007FF79796096A+3452330]
	GetHandleVerifier [0x00007FF79795671D+3410781]
	GetHandleVerifier [0x00007FF7976E653B+854395]
	(No symbol) [0x00007FF79758BE0F]
	(No symbol) [0x00007FF797587714]
	(No symbol) [0x00007FF7975878AD]
	(No symbol) [0x00007FF797576189]
	BaseThreadInitThunk [0x00007FFBF245259D+29]
	RtlUserThreadStart [0x00007FFBF3CAAF38+40]

2025-01-26 21:26:26,682 - ERROR - Failed to find element #subscribers-count: Message: 
Stacktrace:
	GetHandleVerifier [0x00007FF79761CC05+28741]
	(No symbol) [0x00007FF79757FED0]
	(No symbol) [0x00007FF797414FBA]
	(No symbol) [0x00007FF797469256]
	(No symbol) [0x00007FF79746948C]
	(No symbol) [0x00007FF7974B3267]
	(No symbol) [0x00007FF79748FE6F]
	(No symbol) [0x00007FF7974AFFE1]
	(No symbol) [0x00007FF79748FBD3]
	(No symbol) [0x00007FF797459F43]
	(No symbol) [0x00007FF79745B2D1]
	GetHandleVerifier [0x00007FF79794DE3D+3375741]
	GetHandleVerifier [0x00007FF79796096A+3452330]
	GetHandleVerifier [0x00007FF79795671D+3410781]
	GetHandleVerifier [0x00007FF7976E653B+854395]
	(No symbol) [0x00007FF79758BE0F]
	(No symbol) [0x00007FF797587714]
	(No symbol) [0x00007FF7975878AD]
	(No symbol) [0x00007FF797576189]
	BaseThreadInitThunk [0x00007FFBF245259D+29]
	RtlUserThreadStart [0x00007FFBF3CAAF38+40]

2025-01-26 21:31:41,864 - INFO - Found ChromeDriver at: chromedriver.exe
2025-01-26 21:31:44,064 - INFO - Chrome driver initialized successfully
2025-01-26 21:31:58,172 - INFO - Found ChromeDriver at: chromedriver.exe
2025-01-26 21:31:59,546 - INFO - Chrome driver initialized successfully
2025-01-26 21:34:58,747 - ERROR - Failed to find data for URL: https://youtube.com/@DharMann
2025-01-26 21:34:58,926 - ERROR - Page source: <html style="font-size: 10px;font-family: Roboto, Arial, sans-serif;" lang="en" darker-dark-theme="" darker-dark-theme-deprecate="" dark="" system-icons="" typography="" typography-spacing="" refresh=""><head><script data-original-src="/s/player/37364e28/player_ias.vflset/en_US/miniplayer.js" nonce="" src="/s/player/37364e28/player_ias.vflset/en_US/miniplayer.js"></script><script data-original-src="/s/player/37364e28/player_ias.vflset/en_US/offline.js" nonce="" src="/s/player/37364e28/player_ias.vflset/en_US/offline.js"></script><script id="js-1124342058" src="//static.doubleclick.net/instream/ad_status.js" nonce="" data-loaded="true"></script><script id="js-1065286052" src="https://www.gstatic.com/cv/js/sender/v1/cast_sender.js" nonce="" data-loaded="true"></script><script data-original-src="/s/player/37364e28/player_ias.vflset/en_US/annotations_module.js" nonce="" src="/s/player/37364e28/player_ias.vflset/en_US/annotations_module.js"></script><script data-original-src="/s/player/3736
2025-01-26 21:35:13,807 - ERROR - Failed to find data for URL: https://youtube.com/@DharMann
2025-01-26 21:35:13,991 - ERROR - Page source: <html style="font-size: 10px;font-family: Roboto, Arial, sans-serif;" lang="en" darker-dark-theme="" darker-dark-theme-deprecate="" dark="" system-icons="" typography="" typography-spacing="" refresh=""><head><script data-original-src="/s/player/37364e28/player_ias.vflset/en_US/miniplayer.js" nonce="" src="/s/player/37364e28/player_ias.vflset/en_US/miniplayer.js"></script><script data-original-src="/s/player/37364e28/player_ias.vflset/en_US/offline.js" nonce="" src="/s/player/37364e28/player_ias.vflset/en_US/offline.js"></script><script id="js-1124342058" src="//static.doubleclick.net/instream/ad_status.js" nonce="" data-loaded="true"></script><script id="js-1065286052" src="https://www.gstatic.com/cv/js/sender/v1/cast_sender.js" nonce="" data-loaded="true"></script><script data-original-src="/s/player/37364e28/player_ias.vflset/en_US/annotations_module.js" nonce="" src="/s/player/37364e28/player_ias.vflset/en_US/annotations_module.js"></script><script data-original-src="/s/player/3736
2025-01-26 21:42:06,327 - INFO - Found ChromeDriver at: chromedriver.exe
2025-01-26 21:42:07,686 - INFO - Chrome driver initialized successfully
2025-01-26 21:42:20,141 - ERROR - Failed to find data for URL: https://youtube.com/@DharMann
2025-01-26 21:42:20,152 - ERROR - Current selectors failed. Page title: Dhar Mann Studios - YouTube
